<?xml version="1.0" encoding="UTF-8"?>
<!-- Generated by org.testng.reporters.JUnitReportReporter -->
<testsuite hostname="Anup-Km" failures="0" tests="1" name="com.APITraining_Module_1.JSONSchemaValidation" time="1.630" errors="0" timestamp="2024-07-25T15:22:15 IST" skipped="0">
  <testcase classname="com.APITraining_Module_1.JSONSchemaValidation" name="schmaValidation" time="1.630"/>
  <system-out/>
</testsuite> <!-- com.APITraining_Module_1.JSONSchemaValidation -->
