<?xml version="1.0" encoding="UTF-8"?>
<!-- Generated by org.testng.reporters.JUnitReportReporter -->
<testsuite hostname="Anup-Km" failures="0" tests="1" name="com.APITraining_Module_1.schemaValidation" time="2.521" errors="0" timestamp="2024-07-26T14:38:10 IST" skipped="0">
  <testcase classname="com.APITraining_Module_1.schemaValidation" name="schemaJsonValidation" time="2.521"/>
  <system-out/>
</testsuite> <!-- com.APITraining_Module_1.schemaValidation -->
