<?xml version="1.0" encoding="UTF-8"?>
<!-- Generated by org.testng.reporters.JUnitReportReporter -->
<testsuite hostname="Anup-Km" failures="0" tests="1" name="com.APITraining_Module_1.GETAPICall" time="2.405" errors="0" timestamp="2024-07-26T14:37:50 IST" skipped="0">
  <testcase classname="com.APITraining_Module_1.GETAPICall" name="testAPIGETCall" time="2.405"/>
  <system-out/>
</testsuite> <!-- com.APITraining_Module_1.GETAPICall -->
