<?xml version="1.0" encoding="UTF-8"?>
<!-- Generated by org.testng.reporters.JUnitReportReporter -->
<testsuite hostname="Anup-Km" failures="0" tests="2" name="com.APITraining_Module_1.POSTAPICall" time="2.817" errors="0" timestamp="2024-07-25T12:18:27 IST" skipped="0">
  <testcase classname="com.APITraining_Module_1.POSTAPICall" name="postAPICall" time="2.445"/>
  <system-out/>
  <testcase classname="com.APITraining_Module_1.POSTAPICall" name="putAPICall" time="0.372"/>
  <system-out/>
</testsuite> <!-- com.APITraining_Module_1.POSTAPICall -->
